<?xml version="1.0" encoding="UTF-8"?>
<robot generator="Robot 6.1.1 (Python 3.14.0 on win32)" generated="20251117 23:44:58.539" rpa="false" schemaversion="4">
<suite id="s1" name="Tests" source="C:\Users\viivi\koulu\teka3003\palautusrepo\osa3\login-robot\src\tests">
<suite id="s1-s1" name="Login" source="C:\Users\viivi\koulu\teka3003\palautusrepo\osa3\login-robot\src\tests\login.robot">
<test id="s1-s1-t1" name="Login With Correct Credentials" line="6">
<kw name="Create User And Input Login Command" type="SETUP">
<kw name="Create User" library="AppLibrary">
<arg>kalle</arg>
<arg>kalle123</arg>
<status status="PASS" starttime="20251117 23:44:58.582" endtime="20251117 23:44:58.582"/>
</kw>
<kw name="Input Login Command" library="resource">
<kw name="Input" library="AppLibrary">
<arg>login</arg>
<status status="PASS" starttime="20251117 23:44:58.582" endtime="20251117 23:44:58.582"/>
</kw>
<status status="PASS" starttime="20251117 23:44:58.582" endtime="20251117 23:44:58.582"/>
</kw>
<status status="PASS" starttime="20251117 23:44:58.582" endtime="20251117 23:44:58.582"/>
</kw>
<kw name="Input Credentials" library="resource">
<arg>kalle</arg>
<arg>kalle123</arg>
<kw name="Input" library="AppLibrary">
<arg>${username}</arg>
<status status="PASS" starttime="20251117 23:44:58.583" endtime="20251117 23:44:58.583"/>
</kw>
<kw name="Input" library="AppLibrary">
<arg>${password}</arg>
<status status="PASS" starttime="20251117 23:44:58.583" endtime="20251117 23:44:58.583"/>
</kw>
<kw name="Run Application" library="AppLibrary">
<status status="PASS" starttime="20251117 23:44:58.583" endtime="20251117 23:44:58.583"/>
</kw>
<status status="PASS" starttime="20251117 23:44:58.583" endtime="20251117 23:44:58.583"/>
</kw>
<kw name="Output Should Contain" library="AppLibrary">
<arg>Logged in</arg>
<status status="PASS" starttime="20251117 23:44:58.583" endtime="20251117 23:44:58.583"/>
</kw>
<status status="PASS" starttime="20251117 23:44:58.581" endtime="20251117 23:44:58.584"/>
</test>
<test id="s1-s1-t2" name="Login With Incorrect Password" line="10">
<kw name="Create User And Input Login Command" type="SETUP">
<kw name="Create User" library="AppLibrary">
<arg>kalle</arg>
<arg>kalle123</arg>
<status status="PASS" starttime="20251117 23:44:58.585" endtime="20251117 23:44:58.585"/>
</kw>
<kw name="Input Login Command" library="resource">
<kw name="Input" library="AppLibrary">
<arg>login</arg>
<status status="PASS" starttime="20251117 23:44:58.585" endtime="20251117 23:44:58.585"/>
</kw>
<status status="PASS" starttime="20251117 23:44:58.585" endtime="20251117 23:44:58.585"/>
</kw>
<status status="PASS" starttime="20251117 23:44:58.585" endtime="20251117 23:44:58.585"/>
</kw>
<kw name="Input Credentials" library="resource">
<arg>kalle</arg>
<arg>wrongpass</arg>
<kw name="Input" library="AppLibrary">
<arg>${username}</arg>
<status status="PASS" starttime="20251117 23:44:58.586" endtime="20251117 23:44:58.586"/>
</kw>
<kw name="Input" library="AppLibrary">
<arg>${password}</arg>
<status status="PASS" starttime="20251117 23:44:58.586" endtime="20251117 23:44:58.586"/>
</kw>
<kw name="Run Application" library="AppLibrary">
<status status="PASS" starttime="20251117 23:44:58.586" endtime="20251117 23:44:58.586"/>
</kw>
<status status="PASS" starttime="20251117 23:44:58.586" endtime="20251117 23:44:58.586"/>
</kw>
<kw name="Output Should Contain" library="AppLibrary">
<arg>Invalid username or password</arg>
<status status="PASS" starttime="20251117 23:44:58.587" endtime="20251117 23:44:58.587"/>
</kw>
<status status="PASS" starttime="20251117 23:44:58.584" endtime="20251117 23:44:58.587"/>
</test>
<test id="s1-s1-t3" name="Login With Nonexistent Username" line="14">
<kw name="Create User And Input Login Command" type="SETUP">
<kw name="Create User" library="AppLibrary">
<arg>kalle</arg>
<arg>kalle123</arg>
<status status="PASS" starttime="20251117 23:44:58.588" endtime="20251117 23:44:58.588"/>
</kw>
<kw name="Input Login Command" library="resource">
<kw name="Input" library="AppLibrary">
<arg>login</arg>
<status status="PASS" starttime="20251117 23:44:58.588" endtime="20251117 23:44:58.589"/>
</kw>
<status status="PASS" starttime="20251117 23:44:58.588" endtime="20251117 23:44:58.589"/>
</kw>
<status status="PASS" starttime="20251117 23:44:58.588" endtime="20251117 23:44:58.589"/>
</kw>
<kw name="Input Credentials" library="resource">
<arg>notexists</arg>
<arg>whatever</arg>
<kw name="Input" library="AppLibrary">
<arg>${username}</arg>
<status status="PASS" starttime="20251117 23:44:58.589" endtime="20251117 23:44:58.589"/>
</kw>
<kw name="Input" library="AppLibrary">
<arg>${password}</arg>
<status status="PASS" starttime="20251117 23:44:58.589" endtime="20251117 23:44:58.589"/>
</kw>
<kw name="Run Application" library="AppLibrary">
<status status="PASS" starttime="20251117 23:44:58.589" endtime="20251117 23:44:58.590"/>
</kw>
<status status="PASS" starttime="20251117 23:44:58.589" endtime="20251117 23:44:58.590"/>
</kw>
<kw name="Output Should Contain" library="AppLibrary">
<arg>Invalid username or password</arg>
<status status="PASS" starttime="20251117 23:44:58.590" endtime="20251117 23:44:58.590"/>
</kw>
<status status="PASS" starttime="20251117 23:44:58.588" endtime="20251117 23:44:58.590"/>
</test>
<status status="PASS" starttime="20251117 23:44:58.569" endtime="20251117 23:44:58.591"/>
</suite>
<status status="PASS" starttime="20251117 23:44:58.540" endtime="20251117 23:44:58.592"/>
</suite>
<statistics>
<total>
<stat pass="3" fail="0" skip="0">All Tests</stat>
</total>
<tag>
</tag>
<suite>
<stat pass="3" fail="0" skip="0" id="s1" name="Tests">Tests</stat>
<stat pass="3" fail="0" skip="0" id="s1-s1" name="Login">Tests.Login</stat>
</suite>
</statistics>
<errors>
</errors>
</robot>
